# JRE version: OpenJDK Runtime Environment Microsoft-8035246 (17.0.8+7) (build 17.0.8+7-LTS)
# Java VM: OpenJDK 64-Bit Server VM Microsoft-8035246 (17.0.8+7-LTS, mixed mode, sharing, tiered, compressed oops, compressed class ptrs, g1 gc, windows-amd64)
GC Precious Log:
 CPUs: 16 total, 16 available
 Memory: 14188M
 Large Page Support: Disabled
 NUMA Support: Disabled
 Compressed Oops: Enabled (32-bit)
 Heap Region Size: 1M
 Heap Min Capacity: 8M
 Heap Initial Capacity: 222M
 Heap Max Capacity: 2G
 Pre-touch: Disabled
 Parallel Workers: 13
 Concurrent Workers: 3
 Concurrent Refinement Workers: 13
 Periodic GC: Disabled
Heap:
 garbage-first heap   total 249856K, used 206251K [0x0000000080000000, 0x0000000100000000)
  region size 1024K, 35 young (35840K), 3 survivors (3072K)
 Metaspace       used 108239K, committed 109184K, reserved 557056K
  class space    used 14670K, committed 15104K, reserved 425984K
GC Heap History (20 events):
Event: 27.492 GC heap before
{Heap before GC invocations=58 (full 0):
 garbage-first heap   total 207872K, used 173716K [0x0000000080000000, 0x0000000100000000)
  region size 1024K, 33 young (33792K), 4 survivors (4096K)
 Metaspace       used 102184K, committed 103104K, reserved 557056K
  class space    used 13962K, committed 14400K, reserved 425984K
}
Event: 27.498 GC heap after
{Heap after GC invocations=59 (full 0):
 garbage-first heap   total 207872K, used 149316K [0x0000000080000000, 0x0000000100000000)
  region size 1024K, 5 young (5120K), 5 survivors (5120K)
 Metaspace       used 102184K, committed 103104K, reserved 557056K
  class space    used 13962K, committed 14400K, reserved 425984K
}
Event: 27.776 GC heap before
{Heap before GC invocations=59 (full 0):
 garbage-first heap   total 207872K, used 173892K [0x0000000080000000, 0x0000000100000000)
  region size 1024K, 30 young (30720K), 5 survivors (5120K)
 Metaspace       used 102367K, committed 103360K, reserved 557056K
  class space    used 13973K, committed 14464K, reserved 425984K
}
Event: 27.781 GC heap after
{Heap after GC invocations=60 (full 0):
 garbage-first heap   total 207872K, used 152764K [0x0000000080000000, 0x0000000100000000)
  region size 1024K, 4 young (4096K), 4 survivors (4096K)
 Metaspace       used 102367K, committed 103360K, reserved 557056K
  class space    used 13973K, committed 14464K, reserved 425984K
}
Event: 28.023 GC heap before
{Heap before GC invocations=60 (full 0):
 garbage-first heap   total 207872K, used 175292K [0x0000000080000000, 0x0000000100000000)
  region size 1024K, 26 young (26624K), 4 survivors (4096K)
 Metaspace       used 103334K, committed 104320K, reserved 557056K
  class space    used 14086K, committed 14592K, reserved 425984K
}
Event: 28.027 GC heap after
{Heap after GC invocations=61 (full 0):
 garbage-first heap   total 207872K, used 155270K [0x0000000080000000, 0x0000000100000000)
  region size 1024K, 3 young (3072K), 3 survivors (3072K)
 Metaspace       used 103334K, committed 104320K, reserved 557056K
  class space    used 14086K, committed 14592K, reserved 425984K
}
Event: 28.342 GC heap before
{Heap before GC invocations=61 (full 0):
 garbage-first heap   total 207872K, used 177798K [0x0000000080000000, 0x0000000100000000)
  region size 1024K, 25 young (25600K), 3 survivors (3072K)
 Metaspace       used 104706K, committed 105664K, reserved 557056K
  class space    used 14253K, committed 14720K, reserved 425984K
}
Event: 28.346 GC heap after
{Heap after GC invocations=62 (full 0):
 garbage-first heap   total 207872K, used 157702K [0x0000000080000000, 0x0000000100000000)
  region size 1024K, 3 young (3072K), 3 survivors (3072K)
 Metaspace       used 104706K, committed 105664K, reserved 557056K
  class space    used 14253K, committed 14720K, reserved 425984K
}
Event: 28.422 GC heap before
{Heap before GC invocations=62 (full 0):
 garbage-first heap   total 207872K, used 178182K [0x0000000080000000, 0x0000000100000000)
  region size 1024K, 23 young (23552K), 3 survivors (3072K)
 Metaspace       used 104830K, committed 105856K, reserved 557056K
  class space    used 14267K, committed 14784K, reserved 425984K
}
Event: 28.425 GC heap after
{Heap after GC invocations=63 (full 0):
 garbage-first heap   total 207872K, used 159229K [0x0000000080000000, 0x0000000100000000)
  region size 1024K, 2 young (2048K), 2 survivors (2048K)
 Metaspace       used 104830K, committed 105856K, reserved 557056K
  class space    used 14267K, committed 14784K, reserved 425984K
}
Event: 28.729 GC heap before
{Heap before GC invocations=63 (full 0):
 garbage-first heap   total 207872K, used 177661K [0x0000000080000000, 0x0000000100000000)
  region size 1024K, 21 young (21504K), 2 survivors (2048K)
 Metaspace       used 106704K, committed 107648K, reserved 557056K
  class space    used 14392K, committed 14848K, reserved 425984K
}
Event: 28.733 GC heap after
{Heap after GC invocations=64 (full 0):
 garbage-first heap   total 207872K, used 162924K [0x0000000080000000, 0x0000000100000000)
  region size 1024K, 3 young (3072K), 3 survivors (3072K)
 Metaspace       used 106704K, committed 107648K, reserved 557056K
  class space    used 14392K, committed 14848K, reserved 425984K
}
Event: 28.841 GC heap before
{Heap before GC invocations=64 (full 0):
 garbage-first heap   total 207872K, used 177260K [0x0000000080000000, 0x0000000100000000)
  region size 1024K, 18 young (18432K), 3 survivors (3072K)
 Metaspace       used 107395K, committed 108416K, reserved 557056K
  class space    used 14595K, committed 15104K, reserved 425984K
}
Event: 28.844 GC heap after
{Heap after GC invocations=65 (full 0):
 garbage-first heap   total 207872K, used 164205K [0x0000000080000000, 0x0000000100000000)
  region size 1024K, 2 young (2048K), 2 survivors (2048K)
 Metaspace       used 107395K, committed 108416K, reserved 557056K
  class space    used 14595K, committed 15104K, reserved 425984K
}
Event: 28.896 GC heap before
{Heap before GC invocations=65 (full 0):
 garbage-first heap   total 207872K, used 177517K [0x0000000080000000, 0x0000000100000000)
  region size 1024K, 16 young (16384K), 2 survivors (2048K)
 Metaspace       used 107471K, committed 108480K, reserved 557056K
  class space    used 14595K, committed 15104K, reserved 425984K
}
Event: 28.899 GC heap after
{Heap after GC invocations=66 (full 0):
 garbage-first heap   total 249856K, used 164540K [0x0000000080000000, 0x0000000100000000)
  region size 1024K, 2 young (2048K), 2 survivors (2048K)
 Metaspace       used 107471K, committed 108480K, reserved 557056K
  class space    used 14595K, committed 15104K, reserved 425984K
}
Event: 29.255 GC heap before
{Heap before GC invocations=66 (full 0):
 garbage-first heap   total 249856K, used 208572K [0x0000000080000000, 0x0000000100000000)
  region size 1024K, 46 young (47104K), 2 survivors (2048K)
 Metaspace       used 108138K, committed 109056K, reserved 557056K
  class space    used 14661K, committed 15104K, reserved 425984K
}
Event: 29.260 GC heap after
{Heap after GC invocations=67 (full 0):
 garbage-first heap   total 249856K, used 169062K [0x0000000080000000, 0x0000000100000000)
  region size 1024K, 6 young (6144K), 6 survivors (6144K)
 Metaspace       used 108138K, committed 109056K, reserved 557056K
  class space    used 14661K, committed 15104K, reserved 425984K
}
Event: 29.518 GC heap before
{Heap before GC invocations=67 (full 0):
 garbage-first heap   total 249856K, used 208998K [0x0000000080000000, 0x0000000100000000)
  region size 1024K, 46 young (47104K), 6 survivors (6144K)
 Metaspace       used 108156K, committed 109056K, reserved 557056K
  class space    used 14662K, committed 15104K, reserved 425984K
}
Event: 29.522 GC heap after
{Heap after GC invocations=68 (full 0):
 garbage-first heap   total 249856K, used 171435K [0x0000000080000000, 0x0000000100000000)
  region size 1024K, 3 young (3072K), 3 survivors (3072K)
 Metaspace       used 108156K, committed 109056K, reserved 557056K
  class space    used 14662K, committed 15104K, reserved 425984K
}

