# JRE version: OpenJDK Runtime Environment Microsoft-8035246 (17.0.8+7) (build 17.0.8+7-LTS)
# Java VM: OpenJDK 64-Bit Server VM Microsoft-8035246 (17.0.8+7-LTS, mixed mode, sharing, tiered, compressed oops, compressed class ptrs, g1 gc, windows-amd64)
GC Precious Log:
 CPUs: 16 total, 16 available
 Memory: 14188M
 Large Page Support: Disabled
 NUMA Support: Disabled
 Compressed Oops: Enabled (32-bit)
 Heap Region Size: 1M
 Heap Min Capacity: 8M
 Heap Initial Capacity: 222M
 Heap Max Capacity: 2G
 Pre-touch: Disabled
 Parallel Workers: 13
 Concurrent Workers: 3
 Concurrent Refinement Workers: 13
 Periodic GC: Disabled
Heap:
 garbage-first heap   total 237568K, used 182068K [0x0000000080000000, 0x0000000100000000)
  region size 1024K, 15 young (15360K), 4 survivors (4096K)
 Metaspace       used 103054K, committed 104000K, reserved 557056K
  class space    used 14042K, committed 14464K, reserved 425984K
GC Heap History (20 events):
Event: 20.701 GC heap before
{Heap before GC invocations=53 (full 0):
 garbage-first heap   total 211968K, used 171923K [0x0000000080000000, 0x0000000100000000)
  region size 1024K, 41 young (41984K), 1 survivors (1024K)
 Metaspace       used 92346K, committed 93312K, reserved 557056K
  class space    used 12717K, committed 13184K, reserved 425984K
}
Event: 20.706 GC heap after
{Heap after GC invocations=54 (full 0):
 garbage-first heap   total 211968K, used 137988K [0x0000000080000000, 0x0000000100000000)
  region size 1024K, 6 young (6144K), 6 survivors (6144K)
 Metaspace       used 92346K, committed 93312K, reserved 557056K
  class space    used 12717K, committed 13184K, reserved 425984K
}
Event: 21.219 GC heap before
{Heap before GC invocations=55 (full 0):
 garbage-first heap   total 237568K, used 171780K [0x0000000080000000, 0x0000000100000000)
  region size 1024K, 39 young (39936K), 6 survivors (6144K)
 Metaspace       used 95913K, committed 96832K, reserved 557056K
  class space    used 13179K, committed 13632K, reserved 425984K
}
Event: 21.224 GC heap after
{Heap after GC invocations=56 (full 0):
 garbage-first heap   total 237568K, used 141055K [0x0000000080000000, 0x0000000100000000)
  region size 1024K, 3 young (3072K), 3 survivors (3072K)
 Metaspace       used 95913K, committed 96832K, reserved 557056K
  class space    used 13179K, committed 13632K, reserved 425984K
}
Event: 21.307 GC heap before
{Heap before GC invocations=56 (full 0):
 garbage-first heap   total 237568K, used 149247K [0x0000000080000000, 0x0000000100000000)
  region size 1024K, 11 young (11264K), 3 survivors (3072K)
 Metaspace       used 96358K, committed 97344K, reserved 557056K
  class space    used 13256K, committed 13760K, reserved 425984K
}
Event: 21.309 GC heap after
{Heap after GC invocations=57 (full 0):
 garbage-first heap   total 237568K, used 141662K [0x0000000080000000, 0x0000000100000000)
  region size 1024K, 1 young (1024K), 1 survivors (1024K)
 Metaspace       used 96358K, committed 97344K, reserved 557056K
  class space    used 13256K, committed 13760K, reserved 425984K
}
Event: 21.956 GC heap before
{Heap before GC invocations=57 (full 0):
 garbage-first heap   total 237568K, used 190814K [0x0000000080000000, 0x0000000100000000)
  region size 1024K, 49 young (50176K), 1 survivors (1024K)
 Metaspace       used 97119K, committed 98048K, reserved 557056K
  class space    used 13325K, committed 13760K, reserved 425984K
}
Event: 21.964 GC heap after
{Heap after GC invocations=58 (full 0):
 garbage-first heap   total 237568K, used 150118K [0x0000000080000000, 0x0000000100000000)
  region size 1024K, 7 young (7168K), 7 survivors (7168K)
 Metaspace       used 97119K, committed 98048K, reserved 557056K
  class space    used 13325K, committed 13760K, reserved 425984K
}
Event: 22.458 GC heap before
{Heap before GC invocations=58 (full 0):
 garbage-first heap   total 237568K, used 194150K [0x0000000080000000, 0x0000000100000000)
  region size 1024K, 50 young (51200K), 7 survivors (7168K)
 Metaspace       used 98833K, committed 99840K, reserved 557056K
  class space    used 13525K, committed 14016K, reserved 425984K
}
Event: 22.465 GC heap after
{Heap after GC invocations=59 (full 0):
 garbage-first heap   total 237568K, used 155633K [0x0000000080000000, 0x0000000100000000)
  region size 1024K, 6 young (6144K), 6 survivors (6144K)
 Metaspace       used 98833K, committed 99840K, reserved 557056K
  class space    used 13525K, committed 14016K, reserved 425984K
}
Event: 22.767 GC heap before
{Heap before GC invocations=59 (full 0):
 garbage-first heap   total 237568K, used 196593K [0x0000000080000000, 0x0000000100000000)
  region size 1024K, 46 young (47104K), 6 survivors (6144K)
 Metaspace       used 99815K, committed 100864K, reserved 557056K
  class space    used 13653K, committed 14144K, reserved 425984K
}
Event: 22.771 GC heap after
{Heap after GC invocations=60 (full 0):
 garbage-first heap   total 237568K, used 159732K [0x0000000080000000, 0x0000000100000000)
  region size 1024K, 5 young (5120K), 5 survivors (5120K)
 Metaspace       used 99815K, committed 100864K, reserved 557056K
  class space    used 13653K, committed 14144K, reserved 425984K
}
Event: 23.217 GC heap before
{Heap before GC invocations=60 (full 0):
 garbage-first heap   total 237568K, used 197620K [0x0000000080000000, 0x0000000100000000)
  region size 1024K, 43 young (44032K), 5 survivors (5120K)
 Metaspace       used 102319K, committed 103360K, reserved 557056K
  class space    used 13976K, committed 14464K, reserved 425984K
}
Event: 23.225 GC heap after
{Heap after GC invocations=61 (full 0):
 garbage-first heap   total 237568K, used 164457K [0x0000000080000000, 0x0000000100000000)
  region size 1024K, 5 young (5120K), 5 survivors (5120K)
 Metaspace       used 102319K, committed 103360K, reserved 557056K
  class space    used 13976K, committed 14464K, reserved 425984K
}
Event: 23.621 GC heap before
{Heap before GC invocations=61 (full 0):
 garbage-first heap   total 237568K, used 198249K [0x0000000080000000, 0x0000000100000000)
  region size 1024K, 39 young (39936K), 5 survivors (5120K)
 Metaspace       used 102891K, committed 103872K, reserved 557056K
  class space    used 14042K, committed 14464K, reserved 425984K
}
Event: 23.628 GC heap after
{Heap after GC invocations=62 (full 0):
 garbage-first heap   total 237568K, used 168451K [0x0000000080000000, 0x0000000100000000)
  region size 1024K, 5 young (5120K), 5 survivors (5120K)
 Metaspace       used 102891K, committed 103872K, reserved 557056K
  class space    used 14042K, committed 14464K, reserved 425984K
}
Event: 23.796 GC heap before
{Heap before GC invocations=62 (full 0):
 garbage-first heap   total 237568K, used 199171K [0x0000000080000000, 0x0000000100000000)
  region size 1024K, 36 young (36864K), 5 survivors (5120K)
 Metaspace       used 103042K, committed 104000K, reserved 557056K
  class space    used 14042K, committed 14464K, reserved 425984K
}
Event: 23.799 GC heap after
{Heap after GC invocations=63 (full 0):
 garbage-first heap   total 237568K, used 170784K [0x0000000080000000, 0x0000000100000000)
  region size 1024K, 3 young (3072K), 3 survivors (3072K)
 Metaspace       used 103042K, committed 104000K, reserved 557056K
  class space    used 14042K, committed 14464K, reserved 425984K
}
Event: 24.048 GC heap before
{Heap before GC invocations=63 (full 0):
 garbage-first heap   total 237568K, used 200480K [0x0000000080000000, 0x0000000100000000)
  region size 1024K, 33 young (33792K), 3 survivors (3072K)
 Metaspace       used 103046K, committed 104000K, reserved 557056K
  class space    used 14042K, committed 14464K, reserved 425984K
}
Event: 24.052 GC heap after
{Heap after GC invocations=64 (full 0):
 garbage-first heap   total 237568K, used 171828K [0x0000000080000000, 0x0000000100000000)
  region size 1024K, 4 young (4096K), 4 survivors (4096K)
 Metaspace       used 103046K, committed 104000K, reserved 557056K
  class space    used 14042K, committed 14464K, reserved 425984K
}

