# JRE version: OpenJDK Runtime Environment Microsoft-8035246 (17.0.8+7) (build 17.0.8+7-LTS)
# Java VM: OpenJDK 64-Bit Server VM Microsoft-8035246 (17.0.8+7-LTS, mixed mode, sharing, tiered, compressed oops, compressed class ptrs, g1 gc, windows-amd64)
GC Precious Log:
 CPUs: 16 total, 16 available
 Memory: 14188M
 Large Page Support: Disabled
 NUMA Support: Disabled
 Compressed Oops: Enabled (32-bit)
 Heap Region Size: 1M
 Heap Min Capacity: 8M
 Heap Initial Capacity: 222M
 Heap Max Capacity: 2G
 Pre-touch: Disabled
 Parallel Workers: 13
 Concurrent Workers: 3
 Concurrent Refinement Workers: 13
 Periodic GC: Disabled
Heap:
 garbage-first heap   total 257024K, used 189278K [0x0000000080000000, 0x0000000100000000)
  region size 1024K, 20 young (20480K), 4 survivors (4096K)
 Metaspace       used 108383K, committed 109440K, reserved 557056K
  class space    used 14680K, committed 15168K, reserved 425984K
GC Heap History (20 events):
Event: 28.430 GC heap before
{Heap before GC invocations=53 (full 0):
 garbage-first heap   total 214016K, used 180385K [0x0000000080000000, 0x0000000100000000)
  region size 1024K, 34 young (34816K), 5 survivors (5120K)
 Metaspace       used 102506K, committed 103488K, reserved 557056K
  class space    used 13983K, committed 14464K, reserved 425984K
}
Event: 28.435 GC heap after
{Heap after GC invocations=54 (full 0):
 garbage-first heap   total 214016K, used 154378K [0x0000000080000000, 0x0000000100000000)
  region size 1024K, 4 young (4096K), 4 survivors (4096K)
 Metaspace       used 102506K, committed 103488K, reserved 557056K
  class space    used 13983K, committed 14464K, reserved 425984K
}
Event: 28.718 GC heap before
{Heap before GC invocations=54 (full 0):
 garbage-first heap   total 214016K, used 181002K [0x0000000080000000, 0x0000000100000000)
  region size 1024K, 30 young (30720K), 4 survivors (4096K)
 Metaspace       used 103516K, committed 104512K, reserved 557056K
  class space    used 14100K, committed 14592K, reserved 425984K
}
Event: 28.721 GC heap after
{Heap after GC invocations=55 (full 0):
 garbage-first heap   total 214016K, used 157559K [0x0000000080000000, 0x0000000100000000)
  region size 1024K, 4 young (4096K), 4 survivors (4096K)
 Metaspace       used 103516K, committed 104512K, reserved 557056K
  class space    used 14100K, committed 14592K, reserved 425984K
}
Event: 29.051 GC heap before
{Heap before GC invocations=55 (full 0):
 garbage-first heap   total 214016K, used 181111K [0x0000000080000000, 0x0000000100000000)
  region size 1024K, 28 young (28672K), 4 survivors (4096K)
 Metaspace       used 104896K, committed 105920K, reserved 557056K
  class space    used 14268K, committed 14784K, reserved 425984K
}
Event: 29.055 GC heap after
{Heap after GC invocations=56 (full 0):
 garbage-first heap   total 214016K, used 160354K [0x0000000080000000, 0x0000000100000000)
  region size 1024K, 3 young (3072K), 3 survivors (3072K)
 Metaspace       used 104896K, committed 105920K, reserved 557056K
  class space    used 14268K, committed 14784K, reserved 425984K
}
Event: 29.162 GC heap before
{Heap before GC invocations=56 (full 0):
 garbage-first heap   total 214016K, used 182882K [0x0000000080000000, 0x0000000100000000)
  region size 1024K, 26 young (26624K), 3 survivors (3072K)
 Metaspace       used 105143K, committed 106112K, reserved 557056K
  class space    used 14301K, committed 14784K, reserved 425984K
}
Event: 29.166 GC heap after
{Heap after GC invocations=57 (full 0):
 garbage-first heap   total 214016K, used 162163K [0x0000000080000000, 0x0000000100000000)
  region size 1024K, 2 young (2048K), 2 survivors (2048K)
 Metaspace       used 105143K, committed 106112K, reserved 557056K
  class space    used 14301K, committed 14784K, reserved 425984K
}
Event: 29.505 GC heap before
{Heap before GC invocations=57 (full 0):
 garbage-first heap   total 214016K, used 183667K [0x0000000080000000, 0x0000000100000000)
  region size 1024K, 24 young (24576K), 2 survivors (2048K)
 Metaspace       used 107421K, committed 108416K, reserved 557056K
  class space    used 14559K, committed 15040K, reserved 425984K
}
Event: 29.509 GC heap after
{Heap after GC invocations=58 (full 0):
 garbage-first heap   total 214016K, used 165838K [0x0000000080000000, 0x0000000100000000)
  region size 1024K, 3 young (3072K), 3 survivors (3072K)
 Metaspace       used 107421K, committed 108416K, reserved 557056K
  class space    used 14559K, committed 15040K, reserved 425984K
}
Event: 29.587 GC heap before
{Heap before GC invocations=58 (full 0):
 garbage-first heap   total 214016K, used 183246K [0x0000000080000000, 0x0000000100000000)
  region size 1024K, 21 young (21504K), 3 survivors (3072K)
 Metaspace       used 107681K, committed 108672K, reserved 557056K
  class space    used 14614K, committed 15104K, reserved 425984K
}
Event: 29.592 GC heap after
{Heap after GC invocations=59 (full 0):
 garbage-first heap   total 214016K, used 167090K [0x0000000080000000, 0x0000000100000000)
  region size 1024K, 2 young (2048K), 2 survivors (2048K)
 Metaspace       used 107681K, committed 108672K, reserved 557056K
  class space    used 14614K, committed 15104K, reserved 425984K
}
Event: 29.708 GC heap before
{Heap before GC invocations=59 (full 0):
 garbage-first heap   total 214016K, used 183474K [0x0000000080000000, 0x0000000100000000)
  region size 1024K, 19 young (19456K), 2 survivors (2048K)
 Metaspace       used 107937K, committed 108928K, reserved 557056K
  class space    used 14628K, committed 15104K, reserved 425984K
}
Event: 29.710 GC heap after
{Heap after GC invocations=60 (full 0):
 garbage-first heap   total 214016K, used 167508K [0x0000000080000000, 0x0000000100000000)
  region size 1024K, 2 young (2048K), 2 survivors (2048K)
 Metaspace       used 107937K, committed 108928K, reserved 557056K
  class space    used 14628K, committed 15104K, reserved 425984K
}
Event: 29.908 GC heap before
{Heap before GC invocations=60 (full 0):
 garbage-first heap   total 214016K, used 184916K [0x0000000080000000, 0x0000000100000000)
  region size 1024K, 20 young (20480K), 2 survivors (2048K)
 Metaspace       used 108234K, committed 109248K, reserved 557056K
  class space    used 14680K, committed 15168K, reserved 425984K
}
Event: 29.912 GC heap after
{Heap after GC invocations=61 (full 0):
 garbage-first heap   total 214016K, used 170633K [0x0000000080000000, 0x0000000100000000)
  region size 1024K, 3 young (3072K), 3 survivors (3072K)
 Metaspace       used 108234K, committed 109248K, reserved 557056K
  class space    used 14680K, committed 15168K, reserved 425984K
}
Event: 29.972 GC heap before
{Heap before GC invocations=61 (full 0):
 garbage-first heap   total 214016K, used 184969K [0x0000000080000000, 0x0000000100000000)
  region size 1024K, 18 young (18432K), 3 survivors (3072K)
 Metaspace       used 108357K, committed 109376K, reserved 557056K
  class space    used 14680K, committed 15168K, reserved 425984K
}
Event: 29.976 GC heap after
{Heap after GC invocations=62 (full 0):
 garbage-first heap   total 257024K, used 172182K [0x0000000080000000, 0x0000000100000000)
  region size 1024K, 2 young (2048K), 2 survivors (2048K)
 Metaspace       used 108357K, committed 109376K, reserved 557056K
  class space    used 14680K, committed 15168K, reserved 425984K
}
Event: 30.324 GC heap before
{Heap before GC invocations=62 (full 0):
 garbage-first heap   total 257024K, used 216214K [0x0000000080000000, 0x0000000100000000)
  region size 1024K, 46 young (47104K), 2 survivors (2048K)
 Metaspace       used 108366K, committed 109376K, reserved 557056K
  class space    used 14680K, committed 15168K, reserved 425984K
}
Event: 30.327 GC heap after
{Heap after GC invocations=63 (full 0):
 garbage-first heap   total 257024K, used 173918K [0x0000000080000000, 0x0000000100000000)
  region size 1024K, 4 young (4096K), 4 survivors (4096K)
 Metaspace       used 108366K, committed 109376K, reserved 557056K
  class space    used 14680K, committed 15168K, reserved 425984K
}

